c:\users\user\documents\github\client\windowapi\winapiengine_step_7_clearcolor\x64\debug\vc143.pdb
c:\users\user\documents\github\client\windowapi\winapiengine_step_7_clearcolor\x64\debug\vc143.idb
c:\users\user\documents\github\client\windowapi\winapiengine_step_7_clearcolor\x64\debug\winapiengine.obj
c:\users\user\documents\github\client\windowapi\winapiengine_step_7_clearcolor\x64\debug\cunit.obj
c:\users\user\documents\github\client\windowapi\winapiengine_step_7_clearcolor\x64\debug\ctexture.obj
c:\users\user\documents\github\client\windowapi\winapiengine_step_7_clearcolor\x64\debug\capiengine.obj
c:\users\user\documents\github\client\windowapi\winapiengine_step_7_clearcolor\x64\debug\winapiengine.exe
c:\users\user\documents\github\client\windowapi\winapiengine_step_7_clearcolor\x64\debug\winapiengine.ilk
c:\users\user\documents\github\client\windowapi\winapiengine_step_7_clearcolor\x64\debug\winapiengine.pdb
c:\users\user\documents\github\client\windowapi\winapiengine_step_7_clearcolor\x64\debug\winapiengine.res
c:\users\user\documents\github\client\windowapi\winapiengine_step_8_pivot\x64\debug\capiengine.obj
c:\users\user\documents\github\client\windowapi\winapiengine_step_8_pivot\x64\debug\ctexture.obj
c:\users\user\documents\github\client\windowapi\winapiengine_step_8_pivot\x64\debug\cunit.obj
c:\users\user\documents\github\client\windowapi\winapiengine_step_8_pivot\x64\debug\winapiengine.obj
c:\users\user\documents\github\client\windowapi\winapiengine_step_8_pivot\x64\debug\winapiengine.ilk
c:\users\user\documents\github\client\windowapi\winapiengine_step_8_pivot\x64\debug\winapiengine.res
c:\users\user\documents\github\client\windowapi\winapiengine_step_8_pivot\x64\debug\vc143.idb
c:\users\user\documents\github\client\windowapi\winapiengine_step_8_pivot\x64\debug\vc143.pdb
c:\users\user\documents\github\client\windowapi\winapiengine_step_8_pivot\x64\debug\winapiengine.pdb
c:\users\user\documents\github\client\windowapi\winapiengine_step_8_pivot\x64\debug\winapiengine.exe
c:\users\user\documents\github\client\windowapi\winapiengine_step_8_pivot\x64\debug\winapiengine.tlog\cl.command.1.tlog
c:\users\user\documents\github\client\windowapi\winapiengine_step_8_pivot\x64\debug\winapiengine.tlog\cl.read.1.tlog
c:\users\user\documents\github\client\windowapi\winapiengine_step_8_pivot\x64\debug\winapiengine.tlog\cl.write.1.tlog
c:\users\user\documents\github\client\windowapi\winapiengine_step_8_pivot\x64\debug\winapiengine.tlog\link.command.1.tlog
c:\users\user\documents\github\client\windowapi\winapiengine_step_8_pivot\x64\debug\winapiengine.tlog\link.read.1.tlog
c:\users\user\documents\github\client\windowapi\winapiengine_step_8_pivot\x64\debug\winapiengine.tlog\link.write.1.tlog
c:\users\user\documents\github\client\windowapi\winapiengine_step_8_pivot\x64\debug\winapiengine.tlog\rc.command.1.tlog
c:\users\user\documents\github\client\windowapi\winapiengine_step_8_pivot\x64\debug\winapiengine.tlog\rc.read.1.tlog
c:\users\user\documents\github\client\windowapi\winapiengine_step_8_pivot\x64\debug\winapiengine.tlog\rc.write.1.tlog
