c:\ryu\winapishootor_step_2_enemy\winapishootor\x64\debug\vc143.pdb
c:\ryu\winapishootor_step_2_enemy\winapishootor\x64\debug\vc143.idb
c:\ryu\winapishootor_step_2_enemy\winapishootor\x64\debug\main.obj
c:\ryu\winapishootor_step_2_enemy\winapishootor\x64\debug\cryutimer.obj
c:\ryu\winapishootor_step_2_enemy\winapishootor\x64\debug\cenemy.obj
c:\ryu\winapishootor_step_2_enemy\winapishootor\x64\debug\cbullet.obj
c:\ryu\winapishootor_step_2_enemy\winapishootor\x64\debug\cactor.obj
c:\ryu\winapishootor_step_2_enemy\bin\winapishootor.exe
c:\ryu\winapishootor_step_2_enemy\winapishootor\x64\debug\winapishootor.ilk
c:\ryu\winapishootor_step_2_enemy\bin\winapishootor.pdb
c:\ryu\winapishootor_step_3_aimedbullet\winapishootor\x64\debug\cactor.obj
c:\ryu\winapishootor_step_3_aimedbullet\winapishootor\x64\debug\cbullet.obj
c:\ryu\winapishootor_step_3_aimedbullet\winapishootor\x64\debug\cenemy.obj
c:\ryu\winapishootor_step_3_aimedbullet\winapishootor\x64\debug\cryutimer.obj
c:\ryu\winapishootor_step_3_aimedbullet\winapishootor\x64\debug\main.obj
c:\ryu\winapishootor_step_3_aimedbullet\winapishootor\x64\debug\winapishootor.ilk
c:\ryu\winapishootor_step_3_aimedbullet\winapishootor\x64\debug\vc143.idb
c:\ryu\winapishootor_step_3_aimedbullet\winapishootor\x64\debug\vc143.pdb
c:\ryu\winapishootor_step_3_aimedbullet\bin\winapishootor.exe
c:\ryu\winapishootor_step_3_aimedbullet\winapishootor\x64\debug\winapishootor.tlog\cl.command.1.tlog
c:\ryu\winapishootor_step_3_aimedbullet\winapishootor\x64\debug\winapishootor.tlog\cl.read.1.tlog
c:\ryu\winapishootor_step_3_aimedbullet\winapishootor\x64\debug\winapishootor.tlog\cl.write.1.tlog
c:\ryu\winapishootor_step_3_aimedbullet\winapishootor\x64\debug\winapishootor.tlog\link.command.1.tlog
c:\ryu\winapishootor_step_3_aimedbullet\winapishootor\x64\debug\winapishootor.tlog\link.read.1.tlog
c:\ryu\winapishootor_step_3_aimedbullet\winapishootor\x64\debug\winapishootor.tlog\link.write.1.tlog
