  CAPIEngine.cpp
C:\Users\User\Documents\GitHub\Client\WindowAPI\winAPIEngine_step_17_prototype\CAPIEngine.cpp(159,81): warning C4244: '인수': 'float'에서 'int'(으)로 변환하면서 데이터가 손실될 수 있습니다.
C:\Users\User\Documents\GitHub\Client\WindowAPI\winAPIEngine_step_17_prototype\CAPIEngine.cpp(159,67): warning C4244: '인수': 'float'에서 'int'(으)로 변환하면서 데이터가 손실될 수 있습니다.
C:\Users\User\Documents\GitHub\Client\WindowAPI\winAPIEngine_step_17_prototype\CAPIEngine.cpp(159,53): warning C4244: '인수': 'float'에서 'int'(으)로 변환하면서 데이터가 손실될 수 있습니다.
C:\Users\User\Documents\GitHub\Client\WindowAPI\winAPIEngine_step_17_prototype\CAPIEngine.cpp(159,39): warning C4244: '인수': 'float'에서 'int'(으)로 변환하면서 데이터가 손실될 수 있습니다.
C:\Users\User\Documents\GitHub\Client\WindowAPI\winAPIEngine_step_17_prototype\CAPIEngine.cpp(165,13): warning C4244: '인수': 'float'에서 'int'(으)로 변환하면서 데이터가 손실될 수 있습니다.
C:\Users\User\Documents\GitHub\Client\WindowAPI\winAPIEngine_step_17_prototype\CAPIEngine.cpp(165,9): warning C4244: '인수': 'float'에서 'int'(으)로 변환하면서 데이터가 손실될 수 있습니다.
  CInputMgr.cpp
  CUnit.cpp
C:\Users\User\Documents\GitHub\Client\WindowAPI\winAPIEngine_step_17_prototype\CUnit.cpp(80,33): warning C4244: '=': 'LONG'에서 'float'(으)로 변환하면서 데이터가 손실될 수 있습니다.
C:\Users\User\Documents\GitHub\Client\WindowAPI\winAPIEngine_step_17_prototype\CUnit.cpp(81,34): warning C4244: '=': 'LONG'에서 'float'(으)로 변환하면서 데이터가 손실될 수 있습니다.
  winAPIEngine.cpp
C:\Users\User\Documents\GitHub\Client\WindowAPI\winAPIEngine_step_17_prototype\CInputMgr.h(143,1): warning C4311: '형식 캐스트': 'const char *'에서 'DWORD'(으)로 포인터가 잘립니다.
C:\Users\User\Documents\GitHub\Client\WindowAPI\winAPIEngine_step_17_prototype\winAPIEngine.cpp(135,1): message : 컴파일되는 함수 템플릿 인스턴스화 'bool CInputMgr::AddKey<char[9],char>(const T (&),const char &)'에 대한 참조를 확인하세요.
          with
          [
              T=char [9]
          ]
C:\Users\User\Documents\GitHub\Client\WindowAPI\winAPIEngine_step_17_prototype\CInputMgr.h(143,1): warning C4302: '형식 캐스트': 'const char *'에서 'DWORD'(으)로 잘립니다.
  코드를 생성하고 있습니다...
  winAPIEngine.vcxproj -> C:\Users\User\Documents\GitHub\Client\WindowAPI\winAPIEngine_step_17_prototype\x64\Debug\winAPIEngine.exe
