c:\users\user\documents\github\client\windowapi\winapimatchpuzzle_step_1_board\winapimatchpuzzle\x64\debug\vc143.pdb
c:\users\user\documents\github\client\windowapi\winapimatchpuzzle_step_1_board\winapimatchpuzzle\x64\debug\vc143.idb
c:\users\user\documents\github\client\windowapi\winapimatchpuzzle_step_1_board\winapimatchpuzzle\x64\debug\cpiece.obj
c:\users\user\documents\github\client\windowapi\winapimatchpuzzle_step_1_board\winapimatchpuzzle\x64\debug\main.obj
c:\users\user\documents\github\client\windowapi\winapimatchpuzzle_step_1_board\winapimatchpuzzle\x64\debug\cselect.obj
c:\users\user\documents\github\client\windowapi\winapimatchpuzzle_step_1_board\bin\winapimatchpuzzle.exe
c:\users\user\documents\github\client\windowapi\winapimatchpuzzle_step_1_board\winapimatchpuzzle\x64\debug\winapimatchpuzzle.ilk
c:\users\user\documents\github\client\windowapi\winapimatchpuzzle_step_1_board\bin\winapimatchpuzzle.pdb
c:\users\user\documents\github\client\windowapi\winapimatchpuzzle_step_2_checkcolor\winapimatchpuzzle\x64\debug\cpiece.obj
c:\users\user\documents\github\client\windowapi\winapimatchpuzzle_step_2_checkcolor\winapimatchpuzzle\x64\debug\cselect.obj
c:\users\user\documents\github\client\windowapi\winapimatchpuzzle_step_2_checkcolor\winapimatchpuzzle\x64\debug\main.obj
c:\users\user\documents\github\client\windowapi\winapimatchpuzzle_step_2_checkcolor\winapimatchpuzzle\x64\debug\winapimatchpuzzle.ilk
c:\users\user\documents\github\client\windowapi\winapimatchpuzzle_step_2_checkcolor\winapimatchpuzzle\x64\debug\vc143.idb
c:\users\user\documents\github\client\windowapi\winapimatchpuzzle_step_2_checkcolor\winapimatchpuzzle\x64\debug\vc143.pdb
c:\users\user\documents\github\client\windowapi\winapimatchpuzzle_step_2_checkcolor\bin\winapimatchpuzzle.exe
c:\users\user\documents\github\client\windowapi\winapimatchpuzzle_step_2_checkcolor\winapimatchpuzzle\x64\debug\winapima.20d86616.tlog\cl.command.1.tlog
c:\users\user\documents\github\client\windowapi\winapimatchpuzzle_step_2_checkcolor\winapimatchpuzzle\x64\debug\winapima.20d86616.tlog\cl.read.1.tlog
c:\users\user\documents\github\client\windowapi\winapimatchpuzzle_step_2_checkcolor\winapimatchpuzzle\x64\debug\winapima.20d86616.tlog\cl.write.1.tlog
c:\users\user\documents\github\client\windowapi\winapimatchpuzzle_step_2_checkcolor\winapimatchpuzzle\x64\debug\winapima.20d86616.tlog\link.command.1.tlog
c:\users\user\documents\github\client\windowapi\winapimatchpuzzle_step_2_checkcolor\winapimatchpuzzle\x64\debug\winapima.20d86616.tlog\link.read.1.tlog
c:\users\user\documents\github\client\windowapi\winapimatchpuzzle_step_2_checkcolor\winapimatchpuzzle\x64\debug\winapima.20d86616.tlog\link.write.1.tlog
