c:\users\user\documents\github\client\windowapi\winapishootor_step_5_collision\bin\winapiengine.pdb
c:\users\user\documents\github\client\windowapi\winapishootor_step_5_collision\bin\winapiengine.idb
c:\users\user\documents\github\client\windowapi\winapishootor_step_5_collision\winapiengine\x64\debug\svector2d.obj
c:\users\user\documents\github\client\windowapi\winapishootor_step_5_collision\winapiengine\x64\debug\cunit.obj
c:\users\user\documents\github\client\windowapi\winapishootor_step_5_collision\winapiengine\x64\debug\ctexture.obj
c:\users\user\documents\github\client\windowapi\winapishootor_step_5_collision\winapiengine\x64\debug\cref.obj
c:\users\user\documents\github\client\windowapi\winapishootor_step_5_collision\winapiengine\x64\debug\cobjectryu.obj
c:\users\user\documents\github\client\windowapi\winapishootor_step_5_collision\winapiengine\x64\debug\cinputmgr.obj
c:\users\user\documents\github\client\windowapi\winapishootor_step_5_collision\winapiengine\x64\debug\capiengine.obj
c:\users\user\documents\github\client\windowapi\winapishootor_step_6_collisionmgr\bin\winapiengine.pdb
c:\users\user\documents\github\client\windowapi\winapishootor_step_6_collisionmgr\bin\winapiengine.idb
c:\users\user\documents\github\client\windowapi\winapishootor_step_6_collisionmgr\winapiengine\x64\debug\svector2d.obj
c:\users\user\documents\github\client\windowapi\winapishootor_step_6_collisionmgr\winapiengine\x64\debug\cunit.obj
c:\users\user\documents\github\client\windowapi\winapishootor_step_6_collisionmgr\winapiengine\x64\debug\ctexture.obj
c:\users\user\documents\github\client\windowapi\winapishootor_step_6_collisionmgr\winapiengine\x64\debug\cref.obj
c:\users\user\documents\github\client\windowapi\winapishootor_step_6_collisionmgr\winapiengine\x64\debug\cobjectryu.obj
c:\users\user\documents\github\client\windowapi\winapishootor_step_6_collisionmgr\winapiengine\x64\debug\cinputmgr.obj
c:\users\user\documents\github\client\windowapi\winapishootor_step_6_collisionmgr\winapiengine\x64\debug\capiengine.obj
c:\users\user\documents\github\client\windowapi\winapishootor_step_6_collisionmgr\winapiengine\x64\debug\ccollider.obj
c:\users\user\documents\github\client\windowapi\winapishootor_step_7_collisionmgr\bin\winapiengine.pdb
c:\users\user\documents\github\client\windowapi\winapishootor_step_7_collisionmgr\bin\winapiengine.idb
c:\users\user\documents\github\client\windowapi\winapishootor_step_7_collisionmgr\winapiengine\x64\debug\svector2d.obj
c:\users\user\documents\github\client\windowapi\winapishootor_step_7_collisionmgr\winapiengine\x64\debug\cunit.obj
c:\users\user\documents\github\client\windowapi\winapishootor_step_7_collisionmgr\winapiengine\x64\debug\ctexture.obj
c:\users\user\documents\github\client\windowapi\winapishootor_step_7_collisionmgr\winapiengine\x64\debug\cref.obj
c:\users\user\documents\github\client\windowapi\winapishootor_step_7_collisionmgr\winapiengine\x64\debug\cobjectryu.obj
c:\users\user\documents\github\client\windowapi\winapishootor_step_7_collisionmgr\winapiengine\x64\debug\cinputmgr.obj
c:\users\user\documents\github\client\windowapi\winapishootor_step_7_collisionmgr\winapiengine\x64\debug\ccollisionmgr.obj
c:\users\user\documents\github\client\windowapi\winapishootor_step_7_collisionmgr\winapiengine\x64\debug\ccollider.obj
c:\users\user\documents\github\client\windowapi\winapishootor_step_7_collisionmgr\winapiengine\x64\debug\capiengine.obj
c:\users\user\documents\github\client\windowapi\winapishootor_step_5_collision\bin\winapiengine.lib
c:\users\user\documents\github\client\windowapi\winapishootor_step_6_collisionmgr\bin\winapiengine.lib
c:\users\user\documents\github\client\windowapi\winapishootor_step_7_collisionmgr\bin\winapiengine.lib
c:\users\user\documents\github\client\windowapi\winapishootor_step_8_tag\winapiengine\x64\debug\capiengine.obj
c:\users\user\documents\github\client\windowapi\winapishootor_step_8_tag\winapiengine\x64\debug\ccollider.obj
c:\users\user\documents\github\client\windowapi\winapishootor_step_8_tag\winapiengine\x64\debug\ccollisionmgr.obj
c:\users\user\documents\github\client\windowapi\winapishootor_step_8_tag\winapiengine\x64\debug\cinputmgr.obj
c:\users\user\documents\github\client\windowapi\winapishootor_step_8_tag\winapiengine\x64\debug\cobjectryu.obj
c:\users\user\documents\github\client\windowapi\winapishootor_step_8_tag\winapiengine\x64\debug\cref.obj
c:\users\user\documents\github\client\windowapi\winapishootor_step_8_tag\winapiengine\x64\debug\ctexture.obj
c:\users\user\documents\github\client\windowapi\winapishootor_step_8_tag\winapiengine\x64\debug\cunit.obj
c:\users\user\documents\github\client\windowapi\winapishootor_step_8_tag\winapiengine\x64\debug\svector2d.obj
c:\users\user\documents\github\client\windowapi\winapishootor_step_8_tag\bin\winapiengine.lib
c:\users\user\documents\github\client\windowapi\winapishootor_step_8_tag\winapiengine\x64\debug\winapiengine.tlog\cl.command.1.tlog
c:\users\user\documents\github\client\windowapi\winapishootor_step_8_tag\winapiengine\x64\debug\winapiengine.tlog\cl.read.1.tlog
c:\users\user\documents\github\client\windowapi\winapishootor_step_8_tag\winapiengine\x64\debug\winapiengine.tlog\cl.write.1.tlog
c:\users\user\documents\github\client\windowapi\winapishootor_step_8_tag\winapiengine\x64\debug\winapiengine.tlog\lib-link.read.1.tlog
c:\users\user\documents\github\client\windowapi\winapishootor_step_8_tag\winapiengine\x64\debug\winapiengine.tlog\lib-link.write.1.tlog
c:\users\user\documents\github\client\windowapi\winapishootor_step_8_tag\winapiengine\x64\debug\winapiengine.tlog\lib.command.1.tlog
