  CAnimator.cpp
  CAniSeq.cpp
  CAPIEngine.cpp
C:\Users\User\Documents\GitHub\Client\WindowAPI\winAPIMatchPuzzle_step_1_board\winAPIEngine\CAPIEngine.cpp(160,81): warning C4244: '인수': 'float'에서 'int'(으)로 변환하면서 데이터가 손실될 수 있습니다.
C:\Users\User\Documents\GitHub\Client\WindowAPI\winAPIMatchPuzzle_step_1_board\winAPIEngine\CAPIEngine.cpp(160,67): warning C4244: '인수': 'float'에서 'int'(으)로 변환하면서 데이터가 손실될 수 있습니다.
C:\Users\User\Documents\GitHub\Client\WindowAPI\winAPIMatchPuzzle_step_1_board\winAPIEngine\CAPIEngine.cpp(160,53): warning C4244: '인수': 'float'에서 'int'(으)로 변환하면서 데이터가 손실될 수 있습니다.
C:\Users\User\Documents\GitHub\Client\WindowAPI\winAPIMatchPuzzle_step_1_board\winAPIEngine\CAPIEngine.cpp(160,39): warning C4244: '인수': 'float'에서 'int'(으)로 변환하면서 데이터가 손실될 수 있습니다.
C:\Users\User\Documents\GitHub\Client\WindowAPI\winAPIMatchPuzzle_step_1_board\winAPIEngine\CAPIEngine.cpp(189,42): warning C4244: '인수': 'float'에서 'int'(으)로 변환하면서 데이터가 손실될 수 있습니다.
C:\Users\User\Documents\GitHub\Client\WindowAPI\winAPIMatchPuzzle_step_1_board\winAPIEngine\CAPIEngine.cpp(189,31): warning C4244: '인수': 'float'에서 'int'(으)로 변환하면서 데이터가 손실될 수 있습니다.
C:\Users\User\Documents\GitHub\Client\WindowAPI\winAPIMatchPuzzle_step_1_board\winAPIEngine\CAPIEngine.cpp(189,25): warning C4244: '인수': 'float'에서 'int'(으)로 변환하면서 데이터가 손실될 수 있습니다.
C:\Users\User\Documents\GitHub\Client\WindowAPI\winAPIMatchPuzzle_step_1_board\winAPIEngine\CAPIEngine.cpp(189,21): warning C4244: '인수': 'float'에서 'int'(으)로 변환하면서 데이터가 손실될 수 있습니다.
C:\Users\User\Documents\GitHub\Client\WindowAPI\winAPIMatchPuzzle_step_1_board\winAPIEngine\CAPIEngine.cpp(201,13): warning C4244: '인수': 'float'에서 'int'(으)로 변환하면서 데이터가 손실될 수 있습니다.
C:\Users\User\Documents\GitHub\Client\WindowAPI\winAPIMatchPuzzle_step_1_board\winAPIEngine\CAPIEngine.cpp(201,9): warning C4244: '인수': 'float'에서 'int'(으)로 변환하면서 데이터가 손실될 수 있습니다.
C:\Users\User\Documents\GitHub\Client\WindowAPI\winAPIMatchPuzzle_step_1_board\winAPIEngine\CAPIEngine.cpp(220,13): warning C4244: '인수': 'float'에서 'int'(으)로 변환하면서 데이터가 손실될 수 있습니다.
C:\Users\User\Documents\GitHub\Client\WindowAPI\winAPIMatchPuzzle_step_1_board\winAPIEngine\CAPIEngine.cpp(220,9): warning C4244: '인수': 'float'에서 'int'(으)로 변환하면서 데이터가 손실될 수 있습니다.
  CCollider.cpp
  CCollisionMgr.cpp
  CInputMgr.cpp
  CObjectRyu.cpp
  CRef.cpp
  CTexture.cpp
  CUnit.cpp
C:\Users\User\Documents\GitHub\Client\WindowAPI\winAPIMatchPuzzle_step_1_board\winAPIEngine\CUnit.cpp(180,36): warning C4244: '=': 'int'에서 'float'(으)로 변환하면서 데이터가 손실될 수 있습니다.
C:\Users\User\Documents\GitHub\Client\WindowAPI\winAPIMatchPuzzle_step_1_board\winAPIEngine\CUnit.cpp(181,37): warning C4244: '=': 'int'에서 'float'(으)로 변환하면서 데이터가 손실될 수 있습니다.
C:\Users\User\Documents\GitHub\Client\WindowAPI\winAPIMatchPuzzle_step_1_board\winAPIEngine\CUnit.cpp(196,35): warning C4244: '=': 'LONG'에서 'float'(으)로 변환하면서 데이터가 손실될 수 있습니다.
C:\Users\User\Documents\GitHub\Client\WindowAPI\winAPIMatchPuzzle_step_1_board\winAPIEngine\CUnit.cpp(197,36): warning C4244: '=': 'LONG'에서 'float'(으)로 변환하면서 데이터가 손실될 수 있습니다.
  SVector2D.cpp
  코드를 생성하고 있습니다...
  winAPIEngine.vcxproj -> C:\Users\User\Documents\GitHub\Client\WindowAPI\winAPIMatchPuzzle_step_1_board\bin\winAPIEngine.lib
