c:\users\user\documents\github\client\windowapi\winapishootor_step_5_collision\winapishootor\x64\debug\vc143.pdb
c:\users\user\documents\github\client\windowapi\winapishootor_step_5_collision\winapishootor\x64\debug\vc143.idb
c:\users\user\documents\github\client\windowapi\winapishootor_step_5_collision\winapishootor\x64\debug\main.obj
c:\users\user\documents\github\client\windowapi\winapishootor_step_5_collision\winapishootor\x64\debug\cryutimer.obj
c:\users\user\documents\github\client\windowapi\winapishootor_step_5_collision\winapishootor\x64\debug\cenemy.obj
c:\users\user\documents\github\client\windowapi\winapishootor_step_5_collision\winapishootor\x64\debug\cbullet.obj
c:\users\user\documents\github\client\windowapi\winapishootor_step_5_collision\winapishootor\x64\debug\cactor.obj
c:\users\user\documents\github\client\windowapi\winapishootor_step_6_collisionmgr\winapishootor\x64\debug\vc143.pdb
c:\users\user\documents\github\client\windowapi\winapishootor_step_6_collisionmgr\winapishootor\x64\debug\vc143.idb
c:\users\user\documents\github\client\windowapi\winapishootor_step_6_collisionmgr\winapishootor\x64\debug\cryutimer.obj
c:\users\user\documents\github\client\windowapi\winapishootor_step_6_collisionmgr\winapishootor\x64\debug\cenemy.obj
c:\users\user\documents\github\client\windowapi\winapishootor_step_6_collisionmgr\winapishootor\x64\debug\cbullet.obj
c:\users\user\documents\github\client\windowapi\winapishootor_step_6_collisionmgr\winapishootor\x64\debug\cactor.obj
c:\users\user\documents\github\client\windowapi\winapishootor_step_6_collisionmgr\winapishootor\x64\debug\main.obj
c:\users\user\documents\github\client\windowapi\winapishootor_step_7_collisionmgr\winapishootor\x64\debug\vc143.pdb
c:\users\user\documents\github\client\windowapi\winapishootor_step_7_collisionmgr\winapishootor\x64\debug\vc143.idb
c:\users\user\documents\github\client\windowapi\winapishootor_step_7_collisionmgr\winapishootor\x64\debug\main.obj
c:\users\user\documents\github\client\windowapi\winapishootor_step_7_collisionmgr\winapishootor\x64\debug\cryutimer.obj
c:\users\user\documents\github\client\windowapi\winapishootor_step_7_collisionmgr\winapishootor\x64\debug\cenemy.obj
c:\users\user\documents\github\client\windowapi\winapishootor_step_7_collisionmgr\winapishootor\x64\debug\cbullet.obj
c:\users\user\documents\github\client\windowapi\winapishootor_step_7_collisionmgr\winapishootor\x64\debug\cactor.obj
c:\users\user\documents\github\client\windowapi\winapishootor_step_5_collision\bin\winapishootor.exe
c:\users\user\documents\github\client\windowapi\winapishootor_step_5_collision\winapishootor\x64\debug\winapishootor.ilk
c:\users\user\documents\github\client\windowapi\winapishootor_step_5_collision\bin\winapishootor.pdb
c:\users\user\documents\github\client\windowapi\winapishootor_step_6_collisionmgr\bin\winapishootor.exe
c:\users\user\documents\github\client\windowapi\winapishootor_step_6_collisionmgr\winapishootor\x64\debug\winapishootor.ilk
c:\users\user\documents\github\client\windowapi\winapishootor_step_6_collisionmgr\bin\winapishootor.pdb
c:\users\user\documents\github\client\windowapi\winapishootor_step_7_collisionmgr\bin\winapishootor.exe
c:\users\user\documents\github\client\windowapi\winapishootor_step_7_collisionmgr\winapishootor\x64\debug\winapishootor.ilk
c:\users\user\documents\github\client\windowapi\winapishootor_step_7_collisionmgr\bin\winapishootor.pdb
c:\users\user\documents\github\client\windowapi\winapishootor_step_8_tag\winapishootor\x64\debug\cactor.obj
c:\users\user\documents\github\client\windowapi\winapishootor_step_8_tag\winapishootor\x64\debug\cbullet.obj
c:\users\user\documents\github\client\windowapi\winapishootor_step_8_tag\winapishootor\x64\debug\cenemy.obj
c:\users\user\documents\github\client\windowapi\winapishootor_step_8_tag\winapishootor\x64\debug\cryutimer.obj
c:\users\user\documents\github\client\windowapi\winapishootor_step_8_tag\winapishootor\x64\debug\main.obj
c:\users\user\documents\github\client\windowapi\winapishootor_step_8_tag\winapishootor\x64\debug\winapishootor.ilk
c:\users\user\documents\github\client\windowapi\winapishootor_step_8_tag\winapishootor\x64\debug\vc143.idb
c:\users\user\documents\github\client\windowapi\winapishootor_step_8_tag\winapishootor\x64\debug\vc143.pdb
c:\users\user\documents\github\client\windowapi\winapishootor_step_8_tag\bin\winapishootor.exe
c:\users\user\documents\github\client\windowapi\winapishootor_step_8_tag\winapishootor\x64\debug\winapishootor.tlog\cl.command.1.tlog
c:\users\user\documents\github\client\windowapi\winapishootor_step_8_tag\winapishootor\x64\debug\winapishootor.tlog\cl.read.1.tlog
c:\users\user\documents\github\client\windowapi\winapishootor_step_8_tag\winapishootor\x64\debug\winapishootor.tlog\cl.write.1.tlog
c:\users\user\documents\github\client\windowapi\winapishootor_step_8_tag\winapishootor\x64\debug\winapishootor.tlog\link.command.1.tlog
c:\users\user\documents\github\client\windowapi\winapishootor_step_8_tag\winapishootor\x64\debug\winapishootor.tlog\link.read.1.tlog
c:\users\user\documents\github\client\windowapi\winapishootor_step_8_tag\winapishootor\x64\debug\winapishootor.tlog\link.write.1.tlog
