c:\users\user\documents\github\client\windowapi\winapishootor\winapishootor\x64\debug\vc143.pdb
c:\users\user\documents\github\client\windowapi\winapishootor\winapishootor\x64\debug\vc143.idb
c:\users\user\documents\github\client\windowapi\winapishootor\winapishootor\x64\debug\winapiengine.obj
c:\users\user\documents\github\client\windowapi\winapishootor\winapishootor\x64\debug\cbullet.obj
c:\users\user\documents\github\client\windowapi\winapishootor\winapishootor\x64\debug\cactor.obj
c:\users\user\documents\github\client\windowapi\winapishootor\bin\winapishootor.exe
c:\users\user\documents\github\client\windowapi\winapishootor\winapishootor\x64\debug\winapishootor.ilk
c:\users\user\documents\github\client\windowapi\winapishootor\bin\winapishootor.pdb
c:\users\user\documents\github\client\windowapi\winapishootor_step_1_actorbullet\winapishootor\x64\debug\cactor.obj
c:\users\user\documents\github\client\windowapi\winapishootor_step_1_actorbullet\winapishootor\x64\debug\cbullet.obj
c:\users\user\documents\github\client\windowapi\winapishootor_step_1_actorbullet\winapishootor\x64\debug\winapiengine.obj
c:\users\user\documents\github\client\windowapi\winapishootor_step_1_actorbullet\winapishootor\x64\debug\winapishootor.ilk
c:\users\user\documents\github\client\windowapi\winapishootor_step_1_actorbullet\winapishootor\x64\debug\vc143.idb
c:\users\user\documents\github\client\windowapi\winapishootor_step_1_actorbullet\winapishootor\x64\debug\vc143.pdb
c:\users\user\documents\github\client\windowapi\winapishootor_step_1_actorbullet\bin\winapishootor.exe
c:\users\user\documents\github\client\windowapi\winapishootor_step_1_actorbullet\winapishootor\x64\debug\winapishootor.tlog\cl.command.1.tlog
c:\users\user\documents\github\client\windowapi\winapishootor_step_1_actorbullet\winapishootor\x64\debug\winapishootor.tlog\cl.read.1.tlog
c:\users\user\documents\github\client\windowapi\winapishootor_step_1_actorbullet\winapishootor\x64\debug\winapishootor.tlog\cl.write.1.tlog
c:\users\user\documents\github\client\windowapi\winapishootor_step_1_actorbullet\winapishootor\x64\debug\winapishootor.tlog\link.command.1.tlog
c:\users\user\documents\github\client\windowapi\winapishootor_step_1_actorbullet\winapishootor\x64\debug\winapishootor.tlog\link.read.1.tlog
c:\users\user\documents\github\client\windowapi\winapishootor_step_1_actorbullet\winapishootor\x64\debug\winapishootor.tlog\link.write.1.tlog
