c:\users\user\documents\github\client\windowapi\winapishootor\bin\winapiengine.pdb
c:\users\user\documents\github\client\windowapi\winapishootor\bin\winapiengine.idb
c:\users\user\documents\github\client\windowapi\winapishootor\winapiengine\x64\debug\svector2d.obj
c:\users\user\documents\github\client\windowapi\winapishootor\winapiengine\x64\debug\cunit.obj
c:\users\user\documents\github\client\windowapi\winapishootor\winapiengine\x64\debug\ctexture.obj
c:\users\user\documents\github\client\windowapi\winapishootor\winapiengine\x64\debug\cref.obj
c:\users\user\documents\github\client\windowapi\winapishootor\winapiengine\x64\debug\cobjectryu.obj
c:\users\user\documents\github\client\windowapi\winapishootor\winapiengine\x64\debug\cinputmgr.obj
c:\users\user\documents\github\client\windowapi\winapishootor\winapiengine\x64\debug\capiengine.obj
c:\users\user\documents\github\client\windowapi\winapishootor\bin\winapiengine.lib
c:\users\user\documents\github\client\windowapi\winapishootor_step_1_actorbullet\winapiengine\x64\debug\capiengine.obj
c:\users\user\documents\github\client\windowapi\winapishootor_step_1_actorbullet\winapiengine\x64\debug\cinputmgr.obj
c:\users\user\documents\github\client\windowapi\winapishootor_step_1_actorbullet\winapiengine\x64\debug\cobjectryu.obj
c:\users\user\documents\github\client\windowapi\winapishootor_step_1_actorbullet\winapiengine\x64\debug\cref.obj
c:\users\user\documents\github\client\windowapi\winapishootor_step_1_actorbullet\winapiengine\x64\debug\ctexture.obj
c:\users\user\documents\github\client\windowapi\winapishootor_step_1_actorbullet\winapiengine\x64\debug\cunit.obj
c:\users\user\documents\github\client\windowapi\winapishootor_step_1_actorbullet\winapiengine\x64\debug\svector2d.obj
c:\users\user\documents\github\client\windowapi\winapishootor_step_1_actorbullet\bin\winapiengine.lib
c:\users\user\documents\github\client\windowapi\winapishootor_step_1_actorbullet\winapiengine\x64\debug\winapiengine.tlog\cl.command.1.tlog
c:\users\user\documents\github\client\windowapi\winapishootor_step_1_actorbullet\winapiengine\x64\debug\winapiengine.tlog\cl.read.1.tlog
c:\users\user\documents\github\client\windowapi\winapishootor_step_1_actorbullet\winapiengine\x64\debug\winapiengine.tlog\cl.write.1.tlog
c:\users\user\documents\github\client\windowapi\winapishootor_step_1_actorbullet\winapiengine\x64\debug\winapiengine.tlog\lib-link.read.1.tlog
c:\users\user\documents\github\client\windowapi\winapishootor_step_1_actorbullet\winapiengine\x64\debug\winapiengine.tlog\lib-link.write.1.tlog
c:\users\user\documents\github\client\windowapi\winapishootor_step_1_actorbullet\winapiengine\x64\debug\winapiengine.tlog\lib.command.1.tlog
